<?xml version="1.0" encoding="UTF-8"?>
<!-- Generated by org.testng.reporters.JUnitReportReporter -->
<testsuite hostname="DESKTOP-EVK9GMC" failures="0" tests="3" name="testng.Test1" time="61.820" errors="0" timestamp="2021-03-26T17:38:22 IST" skipped="0">
  <testcase classname="testng.Test1" name="login" time="19.494"/>
  <testcase classname="testng.Test1" name="login" time="22.687"/>
  <testcase classname="testng.Test1" name="login" time="19.639"/>
</testsuite> <!-- testng.Test1 -->
