<?xml version="1.0" encoding="UTF-8"?>
<!-- Generated by org.testng.reporters.JUnitReportReporter -->
<testsuite hostname="DESKTOP-EVK9GMC" failures="0" tests="3" name="testng.Test0" time="0.040" errors="0" timestamp="2021-03-25T20:23:39 IST" skipped="0">
  <testcase classname="testng.Test0" name="deletecustomer" time="0.010"/>
  <testcase classname="testng.Test0" name="deleteproject" time="0.008"/>
  <testcase classname="testng.Test0" name="createcustomer" time="0.022"/>
</testsuite> <!-- testng.Test0 -->
